0 info it worked if it ends with ok
1 verbose cli [ 'C:\\Program Files\\nodejs\\node.exe',
1 verbose cli   'C:\\Program Files\\nodejs\\node_modules\\npm\\bin\\npm-cli.js',
1 verbose cli   'run',
1 verbose cli   'gen',
1 verbose cli   'foozball_singles' ]
2 info using npm@3.10.10
3 info using node@v6.11.2
4 verbose run-script [ 'pregen', 'gen', 'postgen' ]
5 info lifecycle tournament-gen@0.0.0~pregen: tournament-gen@0.0.0
6 silly lifecycle tournament-gen@0.0.0~pregen: no script for pregen, continuing
7 info lifecycle tournament-gen@0.0.0~gen: tournament-gen@0.0.0
8 verbose lifecycle tournament-gen@0.0.0~gen: unsafe-perm in lifecycle true
9 verbose lifecycle tournament-gen@0.0.0~gen: PATH: C:\Program Files\nodejs\node_modules\npm\bin\node-gyp-bin;C:\Users\penda\projects\tournament-gen\node_modules\.bin;C:\ProgramData\Oracle\Java\javapath;C:\Program Files\Dell\DW WLAN Card;C:\Program Files (x86)\Intel\iCLS Client\;C:\Program Files\Intel\iCLS Client\;C:\Windows\system32;C:\Windows;C:\Windows\System32\Wbem;C:\Windows\System32\WindowsPowerShell\v1.0\;C:\Program Files (x86)\Intel\Intel(R) Management Engine Components\DAL;C:\Program Files\Intel\Intel(R) Management Engine Components\DAL;C:\Program Files (x86)\Intel\Intel(R) Management Engine Components\IPT;C:\Program Files\Intel\Intel(R) Management Engine Components\IPT;C:\Program Files\WIDCOMM\Bluetooth Software\;C:\Program Files\WIDCOMM\Bluetooth Software\syswow64;C:\Program Files (x86)\NVIDIA Corporation\PhysX\Common;C:\Program Files\Git\cmd;C:\Program Files (x86)\Deployd\bin;C:\WINDOWS\system32;C:\WINDOWS;C:\WINDOWS\System32\Wbem;C:\WINDOWS\System32\WindowsPowerShell\v1.0\;C:\Program Files\nodejs\;C:\Program Files (x86)\Yarn\bin;C:\Program Files (x86)\Microsoft VS Code\bin;C:\Users\penda\AppData\Local\Microsoft\WindowsApps;C:\Program Files\MongoDB\Server\3.4\bin;C:\Program Files\Java\jdk1.8.0_121\bin;C:\Program Files\Java\jre1.8.0_121\bin;C:\Program Files\Heroku\bin;C:\Users\penda\AppData\Roaming\npm;C:\Users\penda\AppData\Local\Yarn\bin
10 verbose lifecycle tournament-gen@0.0.0~gen: CWD: C:\Users\penda\projects\tournament-gen
11 silly lifecycle tournament-gen@0.0.0~gen: Args: [ '/d /s /c', 'node index.js gen "foozball_singles"' ]
12 silly lifecycle tournament-gen@0.0.0~gen: Returned: code: 1  signal: null
13 info lifecycle tournament-gen@0.0.0~gen: Failed to exec gen script
14 verbose stack Error: tournament-gen@0.0.0 gen: `node index.js gen "foozball_singles"`
14 verbose stack Exit status 1
14 verbose stack     at EventEmitter.<anonymous> (C:\Program Files\nodejs\node_modules\npm\lib\utils\lifecycle.js:255:16)
14 verbose stack     at emitTwo (events.js:106:13)
14 verbose stack     at EventEmitter.emit (events.js:191:7)
14 verbose stack     at ChildProcess.<anonymous> (C:\Program Files\nodejs\node_modules\npm\lib\utils\spawn.js:40:14)
14 verbose stack     at emitTwo (events.js:106:13)
14 verbose stack     at ChildProcess.emit (events.js:191:7)
14 verbose stack     at maybeClose (internal/child_process.js:891:16)
14 verbose stack     at Process.ChildProcess._handle.onexit (internal/child_process.js:226:5)
15 verbose pkgid tournament-gen@0.0.0
16 verbose cwd C:\Users\penda\projects\tournament-gen
17 error Windows_NT 10.0.15063
18 error argv "C:\\Program Files\\nodejs\\node.exe" "C:\\Program Files\\nodejs\\node_modules\\npm\\bin\\npm-cli.js" "run" "gen" "foozball_singles"
19 error node v6.11.2
20 error npm  v3.10.10
21 error code ELIFECYCLE
22 error tournament-gen@0.0.0 gen: `node index.js gen "foozball_singles"`
22 error Exit status 1
23 error Failed at the tournament-gen@0.0.0 gen script 'node index.js gen "foozball_singles"'.
23 error Make sure you have the latest version of node.js and npm installed.
23 error If you do, this is most likely a problem with the tournament-gen package,
23 error not with npm itself.
23 error Tell the author that this fails on your system:
23 error     node index.js gen "foozball_singles"
23 error You can get information on how to open an issue for this project with:
23 error     npm bugs tournament-gen
23 error Or if that isn't available, you can get their info via:
23 error     npm owner ls tournament-gen
23 error There is likely additional logging output above.
24 verbose exit [ 1, true ]
